INFO: [SIM 2] *************** CSIM start ***************
INFO: [SIM 4] CSIM will launch GCC as the compiler.
   Compiling(apcc) ../../../nearest_neighbor_tb.c in debug mode
INFO: [HLS 200-10] Running 'c:/Xilinx/Vivado/2017.4/bin/unwrapped/win64.o/apcc.exe'
INFO: [HLS 200-10] For user 'gojo' on host 'desktop-5eurp3t' (Windows NT_amd64 version 6.2) on Tue Jul 03 14:50:39 +0900 2018
INFO: [HLS 200-10] In directory 'D:/gojo/workspace/V_HLS/Vivado_HLS_2017-4/Nearest_neighbor/solution1/csim/build'
INFO: [APCC 202-3] Tmp directory is apcc_db
INFO: [APCC 202-1] APCC is done.
   Compiling(apcc) ../../../nearest_neighbor.c in debug mode
INFO: [HLS 200-10] Running 'c:/Xilinx/Vivado/2017.4/bin/unwrapped/win64.o/apcc.exe'
INFO: [HLS 200-10] For user 'gojo' on host 'desktop-5eurp3t' (Windows NT_amd64 version 6.2) on Tue Jul 03 14:50:45 +0900 2018
INFO: [HLS 200-10] In directory 'D:/gojo/workspace/V_HLS/Vivado_HLS_2017-4/Nearest_neighbor/solution1/csim/build'
INFO: [APCC 202-3] Tmp directory is apcc_db
INFO: [APCC 202-1] APCC is done.
   Generating csim.exe

 debug: bmpihr.biWidth=0, bmpihr.biHeight=0

 debug: bmpihr.biWidth=64, bmpihr.biHeight=64
Success HW and SW results match

 debug: bmpihr.biWidth=128, bmpihr.biHeight=128
INFO: [SIM 1] CSim done with 0 errors.
INFO: [SIM 3] *************** CSIM finish ***************
