

================================================================
== Vivado HLS Report for 'nearest_neighbor_axim'
================================================================
* Date:           Mon Jul  2 18:19:56 2018

* Version:        2017.4.1 (Build 2117188 on Tue Jan 30 15:53:01 MST 2018)
* Project:        Nearest_neighbor
* Solution:       solution1
* Product family: zynq
* Target device:  xc7z010clg225-1


================================================================
== Performance Estimates
================================================================
+ Timing (ns): 
    * Summary: 
    +--------+-------+----------+------------+
    |  Clock | Target| Estimated| Uncertainty|
    +--------+-------+----------+------------+
    |ap_clk  |  10.00|      6.51|        1.25|
    +--------+-------+----------+------------+

+ Latency (clock cycles): 
    * Summary: 
    +-------+-------+-------+-------+---------+
    |    Latency    |    Interval   | Pipeline|
    |  min  |  max  |  min  |  max  |   Type  |
    +-------+-------+-------+-------+---------+
    |  33025|  33025|  33025|  33025|   none  |
    +-------+-------+-------+-------+---------+

    + Detail: 
        * Instance: 
        N/A

        * Loop: 
        +-------------+-------+-------+----------+-----------+-----------+------+----------+
        |             |    Latency    | Iteration|  Initiation Interval  | Trip |          |
        |  Loop Name  |  min  |  max  |  Latency |  achieved |   target  | Count| Pipelined|
        +-------------+-------+-------+----------+-----------+-----------+------+----------+
        |- Loop 1     |  33024|  33024|       258|          -|          -|   128|    no    |
        | + Loop 1.1  |    256|    256|         2|          -|          -|   128|    no    |
        +-------------+-------+-------+----------+-----------+-----------+------+----------+



================================================================
== Utilization Estimates
================================================================
* Summary: 
+-----------------+---------+-------+-------+-------+
|       Name      | BRAM_18K| DSP48E|   FF  |  LUT  |
+-----------------+---------+-------+-------+-------+
|DSP              |        -|      -|      -|      -|
|Expression       |        -|      -|      0|     77|
|FIFO             |        -|      -|      -|      -|
|Instance         |        -|      -|      -|      -|
|Memory           |        -|      -|      -|      -|
|Multiplexer      |        -|      -|      -|     45|
|Register         |        -|      -|     63|      -|
+-----------------+---------+-------+-------+-------+
|Total            |        0|      0|     63|    122|
+-----------------+---------+-------+-------+-------+
|Available        |      120|     80|  35200|  17600|
+-----------------+---------+-------+-------+-------+
|Utilization (%)  |        0|      0|   ~0  |   ~0  |
+-----------------+---------+-------+-------+-------+

+ Detail: 
    * Instance: 
    N/A

    * DSP48: 
    N/A

    * Memory: 
    N/A

    * FIFO: 
    N/A

    * Expression: 
    +--------------------+----------+-------+---+----+------------+------------+
    |    Variable Name   | Operation| DSP48E| FF| LUT| Bitwidth P0| Bitwidth P1|
    +--------------------+----------+-------+---+----+------------+------------+
    |tmp_7_fu_155_p2     |     +    |      0|  0|  21|          14|          14|
    |x_1_fu_127_p2       |     +    |      0|  0|  15|           8|           1|
    |y_1_fu_89_p2        |     +    |      0|  0|  15|           8|           1|
    |exitcond1_fu_83_p2  |   icmp   |      0|  0|  13|           8|           9|
    |exitcond_fu_121_p2  |   icmp   |      0|  0|  13|           8|           9|
    +--------------------+----------+-------+---+----+------------+------------+
    |Total               |          |      0|  0|  77|          46|          34|
    +--------------------+----------+-------+---+----+------------+------------+

    * Multiplexer: 
    +-----------+----+-----------+-----+-----------+
    |    Name   | LUT| Input Size| Bits| Total Bits|
    +-----------+----+-----------+-----+-----------+
    |ap_NS_fsm  |  27|          5|    1|          5|
    |x_reg_72   |   9|          2|    8|         16|
    |y_reg_61   |   9|          2|    8|         16|
    +-----------+----+-----------+-----+-----------+
    |Total      |  45|          9|   17|         37|
    +-----------+----+-----------+-----+-----------+

    * Register: 
    +-----------------------+----+----+-----+-----------+
    |          Name         | FF | LUT| Bits| Const Bits|
    +-----------------------+----+----+-----+-----------+
    |ap_CS_fsm              |   4|   0|    4|          0|
    |p_lshr_f_cast_reg_172  |   6|   0|    6|          0|
    |tmp_2_reg_177          |   7|   0|   14|          7|
    |tmp_7_reg_195          |  14|   0|   14|          0|
    |x_1_reg_185            |   8|   0|    8|          0|
    |x_reg_72               |   8|   0|    8|          0|
    |y_1_reg_167            |   8|   0|    8|          0|
    |y_reg_61               |   8|   0|    8|          0|
    +-----------------------+----+----+-----+-----------+
    |Total                  |  63|   0|   70|          7|
    +-----------------------+----+----+-----+-----------+



================================================================
== Interface
================================================================
* Summary: 
+-----------------+-----+-----+------------+-----------------------+--------------+
|    RTL Ports    | Dir | Bits|  Protocol  |     Source Object     |    C Type    |
+-----------------+-----+-----+------------+-----------------------+--------------+
|ap_clk           |  in |    1| ap_ctrl_hs | nearest_neighbor_axim | return value |
|ap_rst           |  in |    1| ap_ctrl_hs | nearest_neighbor_axim | return value |
|ap_start         |  in |    1| ap_ctrl_hs | nearest_neighbor_axim | return value |
|ap_done          | out |    1| ap_ctrl_hs | nearest_neighbor_axim | return value |
|ap_idle          | out |    1| ap_ctrl_hs | nearest_neighbor_axim | return value |
|ap_ready         | out |    1| ap_ctrl_hs | nearest_neighbor_axim | return value |
|ap_return        | out |   32| ap_ctrl_hs | nearest_neighbor_axim | return value |
|cam_fb_address0  | out |   12|  ap_memory |         cam_fb        |     array    |
|cam_fb_ce0       | out |    1|  ap_memory |         cam_fb        |     array    |
|cam_fb_q0        |  in |   32|  ap_memory |         cam_fb        |     array    |
|nn_fb_address0   | out |   14|  ap_memory |         nn_fb         |     array    |
|nn_fb_ce0        | out |    1|  ap_memory |         nn_fb         |     array    |
|nn_fb_we0        | out |    1|  ap_memory |         nn_fb         |     array    |
|nn_fb_d0         | out |   32|  ap_memory |         nn_fb         |     array    |
+-----------------+-----+-----+------------+-----------------------+--------------+

============================================================
+ Verbose Summary: Synthesis Manager
============================================================
InlineROM: 1
ExposeGlobal: 0
============================================================
+ Verbose Summary: CDFG Model
============================================================
IsTopModel: 1
ResetActiveHigh: 1
IsCombinational: 2
IsDatapathOnly: 2
HasWiredReturn: 1
HasMFsm: 0
HasVarLatency: 1
IsPipeline: 0
IsRtlPipelined: 0
IsInstanceOverlapped: 0
IsDontTouch: 0
HasImplIP: 0
IsGatedGlobalClock: 0


============================================================
+ Verbose Summary: Schedule
============================================================
* Number of FSM states : 4
* Pipeline : 0
* Dataflow Pipeline: 0

* FSM state transitions: 
1 --> 
	2  / true
2 --> 
	3  / (!exitcond1)
3 --> 
	4  / (!exitcond)
	2  / (exitcond)
4 --> 
	3  / true

* FSM state operations: 

 <State 1> : 1.77ns
ST_1 : Operation 5 [1/1] (0.00ns)   --->   "call void (...)* @_ssdm_op_SpecBitsMap([4096 x i32]* %cam_fb) nounwind, !map !7"
ST_1 : Operation 6 [1/1] (0.00ns)   --->   "call void (...)* @_ssdm_op_SpecBitsMap([16384 x i32]* %nn_fb) nounwind, !map !13"
ST_1 : Operation 7 [1/1] (0.00ns)   --->   "call void (...)* @_ssdm_op_SpecBitsMap(i32 0) nounwind, !map !19"
ST_1 : Operation 8 [1/1] (0.00ns)   --->   "call void (...)* @_ssdm_op_SpecTopModule([22 x i8]* @nearest_neighbor_axi) nounwind"
ST_1 : Operation 9 [1/1] (1.76ns)   --->   "br label %.loopexit" [Nearest_neighbor/nearest_neighbor.c:14]

 <State 2> : 1.92ns
ST_2 : Operation 10 [1/1] (0.00ns)   --->   "%y = phi i8 [ 0, %0 ], [ %y_1, %.loopexit.loopexit ]"
ST_2 : Operation 11 [1/1] (1.55ns)   --->   "%exitcond1 = icmp eq i8 %y, -128" [Nearest_neighbor/nearest_neighbor.c:14]   --->   Core 25 'Cmp' <Latency = 0> <II = 1> <Delay = 1.66> <FuncUnit> <Opcode : 'icmp'> <InPorts = 2> <OutPorts = 1>
ST_2 : Operation 12 [1/1] (0.00ns)   --->   "%empty = call i32 (...)* @_ssdm_op_SpecLoopTripCount(i64 128, i64 128, i64 128) nounwind"
ST_2 : Operation 13 [1/1] (1.91ns)   --->   "%y_1 = add i8 %y, 1" [Nearest_neighbor/nearest_neighbor.c:14]   --->   Core 14 'AddSub' <Latency = 0> <II = 1> <Delay = 1.91> <FuncUnit> <Opcode : 'add' 'sub'> <InPorts = 2> <OutPorts = 1>
ST_2 : Operation 14 [1/1] (0.00ns)   --->   "br i1 %exitcond1, label %1, label %.preheader.preheader" [Nearest_neighbor/nearest_neighbor.c:14]
ST_2 : Operation 15 [1/1] (0.00ns)   --->   "%p_lshr_f_cast = call i6 @_ssdm_op_PartSelect.i6.i8.i32.i32(i8 %y, i32 1, i32 6)" [Nearest_neighbor/nearest_neighbor.c:17]
ST_2 : Operation 16 [1/1] (0.00ns)   --->   "%tmp = trunc i8 %y to i7" [Nearest_neighbor/nearest_neighbor.c:14]
ST_2 : Operation 17 [1/1] (0.00ns)   --->   "%tmp_2 = call i14 @_ssdm_op_BitConcatenate.i14.i7.i7(i7 %tmp, i7 0)" [Nearest_neighbor/nearest_neighbor.c:20]
ST_2 : Operation 18 [1/1] (1.76ns)   --->   "br label %.preheader" [Nearest_neighbor/nearest_neighbor.c:15]
ST_2 : Operation 19 [1/1] (0.00ns)   --->   "ret i32 0" [Nearest_neighbor/nearest_neighbor.c:24]

 <State 3> : 3.25ns
ST_3 : Operation 20 [1/1] (0.00ns)   --->   "%x = phi i8 [ %x_1, %._crit_edge ], [ 0, %.preheader.preheader ]"
ST_3 : Operation 21 [1/1] (0.00ns)   --->   "%x_cast3 = zext i8 %x to i14" [Nearest_neighbor/nearest_neighbor.c:15]
ST_3 : Operation 22 [1/1] (1.55ns)   --->   "%exitcond = icmp eq i8 %x, -128" [Nearest_neighbor/nearest_neighbor.c:15]   --->   Core 25 'Cmp' <Latency = 0> <II = 1> <Delay = 1.66> <FuncUnit> <Opcode : 'icmp'> <InPorts = 2> <OutPorts = 1>
ST_3 : Operation 23 [1/1] (0.00ns)   --->   "%empty_4 = call i32 (...)* @_ssdm_op_SpecLoopTripCount(i64 128, i64 128, i64 128) nounwind"
ST_3 : Operation 24 [1/1] (1.91ns)   --->   "%x_1 = add i8 %x, 1" [Nearest_neighbor/nearest_neighbor.c:15]   --->   Core 14 'AddSub' <Latency = 0> <II = 1> <Delay = 1.91> <FuncUnit> <Opcode : 'add' 'sub'> <InPorts = 2> <OutPorts = 1>
ST_3 : Operation 25 [1/1] (0.00ns)   --->   "br i1 %exitcond, label %.loopexit.loopexit, label %._crit_edge" [Nearest_neighbor/nearest_neighbor.c:15]
ST_3 : Operation 26 [1/1] (0.00ns)   --->   "%p_lshr_f1_cast = call i6 @_ssdm_op_PartSelect.i6.i8.i32.i32(i8 %x, i32 1, i32 6)" [Nearest_neighbor/nearest_neighbor.c:16]
ST_3 : Operation 27 [1/1] (0.00ns)   --->   "%tmp_5 = call i12 @_ssdm_op_BitConcatenate.i12.i6.i6(i6 %p_lshr_f_cast, i6 %p_lshr_f1_cast)" [Nearest_neighbor/nearest_neighbor.c:20]
ST_3 : Operation 28 [1/1] (0.00ns)   --->   "%tmp_6 = zext i12 %tmp_5 to i64" [Nearest_neighbor/nearest_neighbor.c:20]
ST_3 : Operation 29 [1/1] (0.00ns)   --->   "%cam_fb_addr = getelementptr [4096 x i32]* %cam_fb, i64 0, i64 %tmp_6" [Nearest_neighbor/nearest_neighbor.c:20]
ST_3 : Operation 30 [2/2] (3.25ns)   --->   "%cam_fb_load = load volatile i32* %cam_fb_addr, align 4" [Nearest_neighbor/nearest_neighbor.c:20]   --->   Core 37 'RAM' <Latency = 1> <II = 1> <Delay = 3.25> <Storage> <Opcode : 'load' 'store'> <Ports = 2> <Width = 32> <Depth = 16384> <RAM>
ST_3 : Operation 31 [1/1] (2.03ns)   --->   "%tmp_7 = add i14 %tmp_2, %x_cast3" [Nearest_neighbor/nearest_neighbor.c:20]   --->   Core 14 'AddSub' <Latency = 0> <II = 1> <Delay = 1.91> <FuncUnit> <Opcode : 'add' 'sub'> <InPorts = 2> <OutPorts = 1>
ST_3 : Operation 32 [1/1] (0.00ns)   --->   "br label %.loopexit"

 <State 4> : 6.51ns
ST_4 : Operation 33 [1/2] (3.25ns)   --->   "%cam_fb_load = load volatile i32* %cam_fb_addr, align 4" [Nearest_neighbor/nearest_neighbor.c:20]   --->   Core 37 'RAM' <Latency = 1> <II = 1> <Delay = 3.25> <Storage> <Opcode : 'load' 'store'> <Ports = 2> <Width = 32> <Depth = 16384> <RAM>
ST_4 : Operation 34 [1/1] (0.00ns)   --->   "%tmp_8 = zext i14 %tmp_7 to i64" [Nearest_neighbor/nearest_neighbor.c:20]
ST_4 : Operation 35 [1/1] (0.00ns)   --->   "%nn_fb_addr = getelementptr [16384 x i32]* %nn_fb, i64 0, i64 %tmp_8" [Nearest_neighbor/nearest_neighbor.c:20]
ST_4 : Operation 36 [1/1] (3.25ns)   --->   "store volatile i32 %cam_fb_load, i32* %nn_fb_addr, align 4" [Nearest_neighbor/nearest_neighbor.c:20]   --->   Core 37 'RAM' <Latency = 1> <II = 1> <Delay = 3.25> <Storage> <Opcode : 'load' 'store'> <Ports = 2> <Width = 32> <Depth = 16384> <RAM>
ST_4 : Operation 37 [1/1] (0.00ns)   --->   "br label %.preheader" [Nearest_neighbor/nearest_neighbor.c:15]


============================================================
+ Verbose Summary: Binding
============================================================
STG Binding: 
---------------- STG Properties BEGIN ----------------
- Is combinational: 0
- Is one-state seq: 0
- Is datapath-only: 0
- Is pipelined: 0
- Is top level: 1
Port [ Return ] is wired: 1; IO mode=ap_ctrl_hs:ce=0
Port [ cam_fb]:  wired=1; compound=1; hidden=0; nouse=0; global=0; static=0; extern=0; dir=0; type=1; pingpong=0; private_global=0; MemPort=[13]; IO mode=ap_memory:ce=0
Port [ nn_fb]:  wired=1; compound=1; hidden=0; nouse=0; global=0; static=0; extern=0; dir=1; type=1; pingpong=0; private_global=0; MemPort=[03]; IO mode=ap_memory:ce=0
---------------- STG Properties END ------------------

---------------- Datapath Model BEGIN ----------------

<LifeTime>
<method=bitvector/>
StgValue_5     (specbitsmap      ) [ 00000]
StgValue_6     (specbitsmap      ) [ 00000]
StgValue_7     (specbitsmap      ) [ 00000]
StgValue_8     (spectopmodule    ) [ 00000]
StgValue_9     (br               ) [ 01111]
y              (phi              ) [ 00100]
exitcond1      (icmp             ) [ 00111]
empty          (speclooptripcount) [ 00000]
y_1            (add              ) [ 01111]
StgValue_14    (br               ) [ 00000]
p_lshr_f_cast  (partselect       ) [ 00011]
tmp            (trunc            ) [ 00000]
tmp_2          (bitconcatenate   ) [ 00011]
StgValue_18    (br               ) [ 00111]
StgValue_19    (ret              ) [ 00000]
x              (phi              ) [ 00010]
x_cast3        (zext             ) [ 00000]
exitcond       (icmp             ) [ 00111]
empty_4        (speclooptripcount) [ 00000]
x_1            (add              ) [ 00111]
StgValue_25    (br               ) [ 00000]
p_lshr_f1_cast (partselect       ) [ 00000]
tmp_5          (bitconcatenate   ) [ 00000]
tmp_6          (zext             ) [ 00000]
cam_fb_addr    (getelementptr    ) [ 00001]
tmp_7          (add              ) [ 00001]
StgValue_32    (br               ) [ 01111]
cam_fb_load    (load             ) [ 00000]
tmp_8          (zext             ) [ 00000]
nn_fb_addr     (getelementptr    ) [ 00000]
StgValue_36    (store            ) [ 00000]
StgValue_37    (br               ) [ 00111]
</LifeTime>

<model>

<comp_list>
<comp id="0" class="1000" name="cam_fb">
<pin_list>
<pin id="1" dir="1" index="0" bw="1" slack="0"/>
</pin_list>
<bind>
<StgValue><ssdm name="cam_fb"/><MemPortTyVec>1 3 </MemPortTyVec>
</StgValue>
</bind>
</comp>

<comp id="2" class="1000" name="nn_fb">
<pin_list>
<pin id="3" dir="1" index="0" bw="1" slack="0"/>
</pin_list>
<bind>
<StgValue><ssdm name="nn_fb"/><MemPortTyVec>0 3 </MemPortTyVec>
</StgValue>
</bind>
</comp>

<comp id="4" class="1001" name="const_4">
<pin_list>
<pin id="5" dir="1" index="0" bw="1" slack="2147483647"/>
</pin_list>
<bind>
<StgValue><ssdm name="_ssdm_op_SpecBitsMap"/></StgValue>
</bind>
</comp>

<comp id="6" class="1001" name="const_6">
<pin_list>
<pin id="7" dir="1" index="0" bw="1" slack="2147483647"/>
</pin_list>
<bind>
<StgValue><ssdm name=""/></StgValue>
</bind>
</comp>

<comp id="8" class="1001" name="const_8">
<pin_list>
<pin id="9" dir="1" index="0" bw="1" slack="2147483647"/>
</pin_list>
<bind>
<StgValue><ssdm name="_ssdm_op_SpecTopModule"/></StgValue>
</bind>
</comp>

<comp id="10" class="1001" name="const_10">
<pin_list>
<pin id="11" dir="1" index="0" bw="1" slack="2147483647"/>
</pin_list>
<bind>
<StgValue><ssdm name="nearest_neighbor_axi"/></StgValue>
</bind>
</comp>

<comp id="12" class="1001" name="const_12">
<pin_list>
<pin id="13" dir="1" index="0" bw="1" slack="1"/>
</pin_list>
<bind>
<StgValue><ssdm name=""/></StgValue>
</bind>
</comp>

<comp id="14" class="1001" name="const_14">
<pin_list>
<pin id="15" dir="1" index="0" bw="1" slack="0"/>
</pin_list>
<bind>
<StgValue><ssdm name=""/></StgValue>
</bind>
</comp>

<comp id="16" class="1001" name="const_16">
<pin_list>
<pin id="17" dir="1" index="0" bw="1" slack="2147483647"/>
</pin_list>
<bind>
<StgValue><ssdm name="_ssdm_op_SpecLoopTripCount"/></StgValue>
</bind>
</comp>

<comp id="18" class="1001" name="const_18">
<pin_list>
<pin id="19" dir="1" index="0" bw="1" slack="2147483647"/>
</pin_list>
<bind>
<StgValue><ssdm name=""/></StgValue>
</bind>
</comp>

<comp id="20" class="1001" name="const_20">
<pin_list>
<pin id="21" dir="1" index="0" bw="1" slack="0"/>
</pin_list>
<bind>
<StgValue><ssdm name=""/></StgValue>
</bind>
</comp>

<comp id="22" class="1001" name="const_22">
<pin_list>
<pin id="23" dir="1" index="0" bw="1" slack="0"/>
</pin_list>
<bind>
<StgValue><ssdm name="_ssdm_op_PartSelect.i6.i8.i32.i32"/></StgValue>
</bind>
</comp>

<comp id="24" class="1001" name="const_24">
<pin_list>
<pin id="25" dir="1" index="0" bw="1" slack="0"/>
</pin_list>
<bind>
<StgValue><ssdm name=""/></StgValue>
</bind>
</comp>

<comp id="26" class="1001" name="const_26">
<pin_list>
<pin id="27" dir="1" index="0" bw="1" slack="0"/>
</pin_list>
<bind>
<StgValue><ssdm name=""/></StgValue>
</bind>
</comp>

<comp id="28" class="1001" name="const_28">
<pin_list>
<pin id="29" dir="1" index="0" bw="1" slack="0"/>
</pin_list>
<bind>
<StgValue><ssdm name="_ssdm_op_BitConcatenate.i14.i7.i7"/></StgValue>
</bind>
</comp>

<comp id="30" class="1001" name="const_30">
<pin_list>
<pin id="31" dir="1" index="0" bw="1" slack="0"/>
</pin_list>
<bind>
<StgValue><ssdm name=""/></StgValue>
</bind>
</comp>

<comp id="32" class="1001" name="const_32">
<pin_list>
<pin id="33" dir="1" index="0" bw="1" slack="0"/>
</pin_list>
<bind>
<StgValue><ssdm name="_ssdm_op_BitConcatenate.i12.i6.i6"/></StgValue>
</bind>
</comp>

<comp id="34" class="1001" name="const_34">
<pin_list>
<pin id="35" dir="1" index="0" bw="1" slack="0"/>
</pin_list>
<bind>
<StgValue><ssdm name=""/></StgValue>
</bind>
</comp>

<comp id="36" class="1004" name="cam_fb_addr_gep_fu_36">
<pin_list>
<pin id="37" dir="0" index="0" bw="32" slack="0"/>
<pin id="38" dir="0" index="1" bw="1" slack="0"/>
<pin id="39" dir="0" index="2" bw="12" slack="0"/>
<pin id="40" dir="1" index="3" bw="12" slack="0"/>
</pin_list>
<bind>
<opcode="getelementptr(29) " fcode="getelementptr"/>
<opset="cam_fb_addr/3 "/>
</bind>
</comp>

<comp id="43" class="1004" name="grp_access_fu_43">
<pin_list>
<pin id="44" dir="0" index="0" bw="12" slack="0"/>
<pin id="45" dir="0" index="1" bw="32" slack="2147483647"/>
<pin id="46" dir="1" index="2" bw="32" slack="0"/>
</pin_list>
<bind>
<opcode="load(27) " fcode="load"/>
<opset="cam_fb_load/3 "/>
</bind>
</comp>

<comp id="48" class="1004" name="nn_fb_addr_gep_fu_48">
<pin_list>
<pin id="49" dir="0" index="0" bw="32" slack="0"/>
<pin id="50" dir="0" index="1" bw="1" slack="0"/>
<pin id="51" dir="0" index="2" bw="14" slack="0"/>
<pin id="52" dir="1" index="3" bw="14" slack="0"/>
</pin_list>
<bind>
<opcode="getelementptr(29) " fcode="getelementptr"/>
<opset="nn_fb_addr/4 "/>
</bind>
</comp>

<comp id="55" class="1004" name="StgValue_36_access_fu_55">
<pin_list>
<pin id="56" dir="0" index="0" bw="14" slack="0"/>
<pin id="57" dir="0" index="1" bw="32" slack="0"/>
<pin id="58" dir="1" index="2" bw="32" slack="2147483647"/>
</pin_list>
<bind>
<opcode="store(28) " fcode="store"/>
<opset="StgValue_36/4 "/>
</bind>
</comp>

<comp id="61" class="1005" name="y_reg_61">
<pin_list>
<pin id="62" dir="0" index="0" bw="8" slack="1"/>
<pin id="63" dir="1" index="1" bw="8" slack="1"/>
</pin_list>
<bind>
<opset="y (phireg) "/>
</bind>
</comp>

<comp id="65" class="1004" name="y_phi_fu_65">
<pin_list>
<pin id="66" dir="0" index="0" bw="1" slack="1"/>
<pin id="67" dir="0" index="1" bw="0" slack="2147483647"/>
<pin id="68" dir="0" index="2" bw="8" slack="0"/>
<pin id="69" dir="0" index="3" bw="0" slack="2147483647"/>
<pin id="70" dir="1" index="4" bw="8" slack="0"/>
</pin_list>
<bind>
<opcode="phi(47) " fcode="phi"/>
<opset="y/2 "/>
</bind>
</comp>

<comp id="72" class="1005" name="x_reg_72">
<pin_list>
<pin id="73" dir="0" index="0" bw="8" slack="1"/>
<pin id="74" dir="1" index="1" bw="8" slack="1"/>
</pin_list>
<bind>
<opset="x (phireg) "/>
</bind>
</comp>

<comp id="76" class="1004" name="x_phi_fu_76">
<pin_list>
<pin id="77" dir="0" index="0" bw="8" slack="0"/>
<pin id="78" dir="0" index="1" bw="0" slack="2147483647"/>
<pin id="79" dir="0" index="2" bw="1" slack="1"/>
<pin id="80" dir="0" index="3" bw="0" slack="2147483647"/>
<pin id="81" dir="1" index="4" bw="8" slack="0"/>
</pin_list>
<bind>
<opcode="phi(47) " fcode="phi"/>
<opset="x/3 "/>
</bind>
</comp>

<comp id="83" class="1004" name="exitcond1_fu_83">
<pin_list>
<pin id="84" dir="0" index="0" bw="8" slack="0"/>
<pin id="85" dir="0" index="1" bw="8" slack="0"/>
<pin id="86" dir="1" index="2" bw="1" slack="2147483647"/>
</pin_list>
<bind>
<opcode="icmp(45) " fcode="icmp"/>
<opset="exitcond1/2 "/>
</bind>
</comp>

<comp id="89" class="1004" name="y_1_fu_89">
<pin_list>
<pin id="90" dir="0" index="0" bw="8" slack="0"/>
<pin id="91" dir="0" index="1" bw="1" slack="0"/>
<pin id="92" dir="1" index="2" bw="8" slack="0"/>
</pin_list>
<bind>
<opcode="add(8) " fcode="add"/>
<opset="y_1/2 "/>
</bind>
</comp>

<comp id="95" class="1004" name="p_lshr_f_cast_fu_95">
<pin_list>
<pin id="96" dir="0" index="0" bw="6" slack="0"/>
<pin id="97" dir="0" index="1" bw="8" slack="0"/>
<pin id="98" dir="0" index="2" bw="1" slack="0"/>
<pin id="99" dir="0" index="3" bw="4" slack="0"/>
<pin id="100" dir="1" index="4" bw="6" slack="1"/>
</pin_list>
<bind>
<opcode="partselect(1002) " fcode="partselect"/>
<opset="p_lshr_f_cast/2 "/>
</bind>
</comp>

<comp id="105" class="1004" name="tmp_fu_105">
<pin_list>
<pin id="106" dir="0" index="0" bw="8" slack="0"/>
<pin id="107" dir="1" index="1" bw="7" slack="0"/>
</pin_list>
<bind>
<opcode="trunc(33) " fcode="trunc"/>
<opset="tmp/2 "/>
</bind>
</comp>

<comp id="109" class="1004" name="tmp_2_fu_109">
<pin_list>
<pin id="110" dir="0" index="0" bw="14" slack="0"/>
<pin id="111" dir="0" index="1" bw="7" slack="0"/>
<pin id="112" dir="0" index="2" bw="1" slack="0"/>
<pin id="113" dir="1" index="3" bw="14" slack="1"/>
</pin_list>
<bind>
<opcode="bitconcatenate(1004) " fcode="bitconcatenate"/>
<opset="tmp_2/2 "/>
</bind>
</comp>

<comp id="117" class="1004" name="x_cast3_fu_117">
<pin_list>
<pin id="118" dir="0" index="0" bw="8" slack="0"/>
<pin id="119" dir="1" index="1" bw="14" slack="0"/>
</pin_list>
<bind>
<opcode="zext(34) " fcode="zext"/>
<opset="x_cast3/3 "/>
</bind>
</comp>

<comp id="121" class="1004" name="exitcond_fu_121">
<pin_list>
<pin id="122" dir="0" index="0" bw="8" slack="0"/>
<pin id="123" dir="0" index="1" bw="8" slack="0"/>
<pin id="124" dir="1" index="2" bw="1" slack="2147483647"/>
</pin_list>
<bind>
<opcode="icmp(45) " fcode="icmp"/>
<opset="exitcond/3 "/>
</bind>
</comp>

<comp id="127" class="1004" name="x_1_fu_127">
<pin_list>
<pin id="128" dir="0" index="0" bw="8" slack="0"/>
<pin id="129" dir="0" index="1" bw="1" slack="0"/>
<pin id="130" dir="1" index="2" bw="8" slack="0"/>
</pin_list>
<bind>
<opcode="add(8) " fcode="add"/>
<opset="x_1/3 "/>
</bind>
</comp>

<comp id="133" class="1004" name="p_lshr_f1_cast_fu_133">
<pin_list>
<pin id="134" dir="0" index="0" bw="6" slack="0"/>
<pin id="135" dir="0" index="1" bw="8" slack="0"/>
<pin id="136" dir="0" index="2" bw="1" slack="0"/>
<pin id="137" dir="0" index="3" bw="4" slack="0"/>
<pin id="138" dir="1" index="4" bw="6" slack="0"/>
</pin_list>
<bind>
<opcode="partselect(1002) " fcode="partselect"/>
<opset="p_lshr_f1_cast/3 "/>
</bind>
</comp>

<comp id="143" class="1004" name="tmp_5_fu_143">
<pin_list>
<pin id="144" dir="0" index="0" bw="12" slack="0"/>
<pin id="145" dir="0" index="1" bw="6" slack="1"/>
<pin id="146" dir="0" index="2" bw="6" slack="0"/>
<pin id="147" dir="1" index="3" bw="12" slack="0"/>
</pin_list>
<bind>
<opcode="bitconcatenate(1004) " fcode="bitconcatenate"/>
<opset="tmp_5/3 "/>
</bind>
</comp>

<comp id="150" class="1004" name="tmp_6_fu_150">
<pin_list>
<pin id="151" dir="0" index="0" bw="12" slack="0"/>
<pin id="152" dir="1" index="1" bw="64" slack="0"/>
</pin_list>
<bind>
<opcode="zext(34) " fcode="zext"/>
<opset="tmp_6/3 "/>
</bind>
</comp>

<comp id="155" class="1004" name="tmp_7_fu_155">
<pin_list>
<pin id="156" dir="0" index="0" bw="14" slack="1"/>
<pin id="157" dir="0" index="1" bw="8" slack="0"/>
<pin id="158" dir="1" index="2" bw="14" slack="1"/>
</pin_list>
<bind>
<opcode="add(8) " fcode="add"/>
<opset="tmp_7/3 "/>
</bind>
</comp>

<comp id="160" class="1004" name="tmp_8_fu_160">
<pin_list>
<pin id="161" dir="0" index="0" bw="14" slack="1"/>
<pin id="162" dir="1" index="1" bw="64" slack="0"/>
</pin_list>
<bind>
<opcode="zext(34) " fcode="zext"/>
<opset="tmp_8/4 "/>
</bind>
</comp>

<comp id="167" class="1005" name="y_1_reg_167">
<pin_list>
<pin id="168" dir="0" index="0" bw="8" slack="0"/>
<pin id="169" dir="1" index="1" bw="8" slack="0"/>
</pin_list>
<bind>
<opset="y_1 "/>
</bind>
</comp>

<comp id="172" class="1005" name="p_lshr_f_cast_reg_172">
<pin_list>
<pin id="173" dir="0" index="0" bw="6" slack="1"/>
<pin id="174" dir="1" index="1" bw="6" slack="1"/>
</pin_list>
<bind>
<opset="p_lshr_f_cast "/>
</bind>
</comp>

<comp id="177" class="1005" name="tmp_2_reg_177">
<pin_list>
<pin id="178" dir="0" index="0" bw="14" slack="1"/>
<pin id="179" dir="1" index="1" bw="14" slack="1"/>
</pin_list>
<bind>
<opset="tmp_2 "/>
</bind>
</comp>

<comp id="185" class="1005" name="x_1_reg_185">
<pin_list>
<pin id="186" dir="0" index="0" bw="8" slack="0"/>
<pin id="187" dir="1" index="1" bw="8" slack="0"/>
</pin_list>
<bind>
<opset="x_1 "/>
</bind>
</comp>

<comp id="190" class="1005" name="cam_fb_addr_reg_190">
<pin_list>
<pin id="191" dir="0" index="0" bw="12" slack="1"/>
<pin id="192" dir="1" index="1" bw="12" slack="1"/>
</pin_list>
<bind>
<opset="cam_fb_addr "/>
</bind>
</comp>

<comp id="195" class="1005" name="tmp_7_reg_195">
<pin_list>
<pin id="196" dir="0" index="0" bw="14" slack="1"/>
<pin id="197" dir="1" index="1" bw="14" slack="1"/>
</pin_list>
<bind>
<opset="tmp_7 "/>
</bind>
</comp>

</comp_list>

<net_list>
<net id="41"><net_src comp="0" pin="0"/><net_sink comp="36" pin=0"/></net>

<net id="42"><net_src comp="34" pin="0"/><net_sink comp="36" pin=1"/></net>

<net id="47"><net_src comp="36" pin="3"/><net_sink comp="43" pin=0"/></net>

<net id="53"><net_src comp="2" pin="0"/><net_sink comp="48" pin=0"/></net>

<net id="54"><net_src comp="34" pin="0"/><net_sink comp="48" pin=1"/></net>

<net id="59"><net_src comp="43" pin="2"/><net_sink comp="55" pin=1"/></net>

<net id="60"><net_src comp="48" pin="3"/><net_sink comp="55" pin=0"/></net>

<net id="64"><net_src comp="12" pin="0"/><net_sink comp="61" pin=0"/></net>

<net id="71"><net_src comp="61" pin="1"/><net_sink comp="65" pin=0"/></net>

<net id="75"><net_src comp="12" pin="0"/><net_sink comp="72" pin=0"/></net>

<net id="82"><net_src comp="72" pin="1"/><net_sink comp="76" pin=2"/></net>

<net id="87"><net_src comp="65" pin="4"/><net_sink comp="83" pin=0"/></net>

<net id="88"><net_src comp="14" pin="0"/><net_sink comp="83" pin=1"/></net>

<net id="93"><net_src comp="65" pin="4"/><net_sink comp="89" pin=0"/></net>

<net id="94"><net_src comp="20" pin="0"/><net_sink comp="89" pin=1"/></net>

<net id="101"><net_src comp="22" pin="0"/><net_sink comp="95" pin=0"/></net>

<net id="102"><net_src comp="65" pin="4"/><net_sink comp="95" pin=1"/></net>

<net id="103"><net_src comp="24" pin="0"/><net_sink comp="95" pin=2"/></net>

<net id="104"><net_src comp="26" pin="0"/><net_sink comp="95" pin=3"/></net>

<net id="108"><net_src comp="65" pin="4"/><net_sink comp="105" pin=0"/></net>

<net id="114"><net_src comp="28" pin="0"/><net_sink comp="109" pin=0"/></net>

<net id="115"><net_src comp="105" pin="1"/><net_sink comp="109" pin=1"/></net>

<net id="116"><net_src comp="30" pin="0"/><net_sink comp="109" pin=2"/></net>

<net id="120"><net_src comp="76" pin="4"/><net_sink comp="117" pin=0"/></net>

<net id="125"><net_src comp="76" pin="4"/><net_sink comp="121" pin=0"/></net>

<net id="126"><net_src comp="14" pin="0"/><net_sink comp="121" pin=1"/></net>

<net id="131"><net_src comp="76" pin="4"/><net_sink comp="127" pin=0"/></net>

<net id="132"><net_src comp="20" pin="0"/><net_sink comp="127" pin=1"/></net>

<net id="139"><net_src comp="22" pin="0"/><net_sink comp="133" pin=0"/></net>

<net id="140"><net_src comp="76" pin="4"/><net_sink comp="133" pin=1"/></net>

<net id="141"><net_src comp="24" pin="0"/><net_sink comp="133" pin=2"/></net>

<net id="142"><net_src comp="26" pin="0"/><net_sink comp="133" pin=3"/></net>

<net id="148"><net_src comp="32" pin="0"/><net_sink comp="143" pin=0"/></net>

<net id="149"><net_src comp="133" pin="4"/><net_sink comp="143" pin=2"/></net>

<net id="153"><net_src comp="143" pin="3"/><net_sink comp="150" pin=0"/></net>

<net id="154"><net_src comp="150" pin="1"/><net_sink comp="36" pin=2"/></net>

<net id="159"><net_src comp="117" pin="1"/><net_sink comp="155" pin=1"/></net>

<net id="163"><net_src comp="160" pin="1"/><net_sink comp="48" pin=2"/></net>

<net id="170"><net_src comp="89" pin="2"/><net_sink comp="167" pin=0"/></net>

<net id="171"><net_src comp="167" pin="1"/><net_sink comp="65" pin=2"/></net>

<net id="175"><net_src comp="95" pin="4"/><net_sink comp="172" pin=0"/></net>

<net id="176"><net_src comp="172" pin="1"/><net_sink comp="143" pin=1"/></net>

<net id="180"><net_src comp="109" pin="3"/><net_sink comp="177" pin=0"/></net>

<net id="181"><net_src comp="177" pin="1"/><net_sink comp="155" pin=0"/></net>

<net id="188"><net_src comp="127" pin="2"/><net_sink comp="185" pin=0"/></net>

<net id="189"><net_src comp="185" pin="1"/><net_sink comp="76" pin=0"/></net>

<net id="193"><net_src comp="36" pin="3"/><net_sink comp="190" pin=0"/></net>

<net id="194"><net_src comp="190" pin="1"/><net_sink comp="43" pin=0"/></net>

<net id="198"><net_src comp="155" pin="2"/><net_sink comp="195" pin=0"/></net>

<net id="199"><net_src comp="195" pin="1"/><net_sink comp="160" pin=0"/></net>

</net_list>

</model> 
---------------- Datapath Model END ------------------

* FSMD analyzer results:
  - Output states:
	Port: nn_fb | {4 }
 - Input state : 
	Port: nearest_neighbor_axim : cam_fb | {3 4 }
  - Chain level:
	State 1
	State 2
		exitcond1 : 1
		y_1 : 1
		StgValue_14 : 2
		p_lshr_f_cast : 1
		tmp : 1
		tmp_2 : 2
	State 3
		x_cast3 : 1
		exitcond : 1
		x_1 : 1
		StgValue_25 : 2
		p_lshr_f1_cast : 1
		tmp_5 : 2
		tmp_6 : 3
		cam_fb_addr : 4
		cam_fb_load : 5
		tmp_7 : 2
	State 4
		nn_fb_addr : 1
		StgValue_36 : 2


============================================================
+ Verbose Summary: Datapath Resource usage 
============================================================

* Functional unit list:
|----------|-----------------------|---------|---------|
| Operation|    Functional Unit    |    FF   |   LUT   |
|----------|-----------------------|---------|---------|
|          |       y_1_fu_89       |    0    |    15   |
|    add   |       x_1_fu_127      |    0    |    15   |
|          |      tmp_7_fu_155     |    0    |    21   |
|----------|-----------------------|---------|---------|
|   icmp   |    exitcond1_fu_83    |    0    |    11   |
|          |    exitcond_fu_121    |    0    |    11   |
|----------|-----------------------|---------|---------|
|partselect|  p_lshr_f_cast_fu_95  |    0    |    0    |
|          | p_lshr_f1_cast_fu_133 |    0    |    0    |
|----------|-----------------------|---------|---------|
|   trunc  |       tmp_fu_105      |    0    |    0    |
|----------|-----------------------|---------|---------|
|bitconcatenate|      tmp_2_fu_109     |    0    |    0    |
|          |      tmp_5_fu_143     |    0    |    0    |
|----------|-----------------------|---------|---------|
|          |     x_cast3_fu_117    |    0    |    0    |
|   zext   |      tmp_6_fu_150     |    0    |    0    |
|          |      tmp_8_fu_160     |    0    |    0    |
|----------|-----------------------|---------|---------|
|   Total  |                       |    0    |    73   |
|----------|-----------------------|---------|---------|

Memories:
N/A

* Register list:
+---------------------+--------+
|                     |   FF   |
+---------------------+--------+
| cam_fb_addr_reg_190 |   12   |
|p_lshr_f_cast_reg_172|    6   |
|    tmp_2_reg_177    |   14   |
|    tmp_7_reg_195    |   14   |
|     x_1_reg_185     |    8   |
|       x_reg_72      |    8   |
|     y_1_reg_167     |    8   |
|       y_reg_61      |    8   |
+---------------------+--------+
|        Total        |   78   |
+---------------------+--------+

* Multiplexer (MUX) list: 
|------------------|------|------|------|--------||---------||---------|
|       Comp       |  Pin | Size |  BW  | S x BW ||  Delay  ||   LUT   |
|------------------|------|------|------|--------||---------||---------|
| grp_access_fu_43 |  p0  |   2  |  12  |   24   ||    9    |
|------------------|------|------|------|--------||---------||---------|
|       Total      |      |      |      |   24   ||  1.769  ||    9    |
|------------------|------|------|------|--------||---------||---------|



* Summary:
+-----------+--------+--------+--------+
|           |  Delay |   FF   |   LUT  |
+-----------+--------+--------+--------+
|  Function |    -   |    0   |   73   |
|   Memory  |    -   |    -   |    -   |
|Multiplexer|    1   |    -   |    9   |
|  Register |    -   |   78   |    -   |
+-----------+--------+--------+--------+
|   Total   |    1   |   78   |   82   |
+-----------+--------+--------+--------+
